# JRE version: OpenJDK Runtime Environment (8.0_152-b02) (build 1.8.0_152-release-1024-b02)
# Java VM: OpenJDK 64-Bit Server VM (25.152-b02 mixed mode windows-amd64 compressed oops)
Heap:
 PSYoungGen      total 307200K, used 100258K [0x00000000e0000000, 0x00000000f9c00000, 0x0000000100000000)
  eden space 292352K, 29% used [0x00000000e0000000,0x00000000e53d1288,0x00000000f1d80000)
  from space 14848K, 97% used [0x00000000f8d80000,0x00000000f9b97580,0x00000000f9c00000)
  to   space 51200K, 0% used [0x00000000f3800000,0x00000000f3800000,0x00000000f6a00000)
 ParOldGen       total 244224K, used 97036K [0x00000000a0000000, 0x00000000aee80000, 0x00000000e0000000)
  object space 244224K, 39% used [0x00000000a0000000,0x00000000a5ec3360,0x00000000aee80000)
 Metaspace       used 77260K, capacity 80718K, committed 80856K, reserved 1120256K
  class space    used 9966K, capacity 10652K, committed 10752K, reserved 1048576K
GC Heap History (10 events):
Event: 30.740 GC heap before
{Heap before GC invocations=13 (full 3):
 PSYoungGen      total 234496K, used 234477K [0x00000000e0000000, 0x00000000f4080000, 0x0000000100000000)
  eden space 211968K, 100% used [0x00000000e0000000,0x00000000ecf00000,0x00000000ecf00000)
  from space 22528K, 99% used [0x00000000ecf00000,0x00000000ee4fb7d8,0x00000000ee500000)
  to   space 33280K, 0% used [0x00000000f2000000,0x00000000f2000000,0x00000000f4080000)
 ParOldGen       total 244224K, used 55771K [0x00000000a0000000, 0x00000000aee80000, 0x00000000e0000000)
  object space 244224K, 22% used [0x00000000a0000000,0x00000000a3676c68,0x00000000aee80000)
 Metaspace       used 71951K, capacity 74842K, committed 74968K, reserved 1114112K
  class space    used 9557K, capacity 10142K, committed 10240K, reserved 1048576K
Event: 30.763 GC heap after
Heap after GC invocations=13 (full 3):
 PSYoungGen      total 290304K, used 33257K [0x00000000e0000000, 0x00000000f4b00000, 0x0000000100000000)
  eden space 257024K, 0% used [0x00000000e0000000,0x00000000e0000000,0x00000000efb00000)
  from space 33280K, 99% used [0x00000000f2000000,0x00000000f407a410,0x00000000f4080000)
  to   space 37888K, 0% used [0x00000000efb00000,0x00000000efb00000,0x00000000f2000000)
 ParOldGen       total 244224K, used 56118K [0x00000000a0000000, 0x00000000aee80000, 0x00000000e0000000)
  object space 244224K, 22% used [0x00000000a0000000,0x00000000a36cdab0,0x00000000aee80000)
 Metaspace       used 71951K, capacity 74842K, committed 74968K, reserved 1114112K
  class space    used 9557K, capacity 10142K, committed 10240K, reserved 1048576K
}
Event: 63.825 GC heap before
{Heap before GC invocations=14 (full 3):
 PSYoungGen      total 290304K, used 290281K [0x00000000e0000000, 0x00000000f4b00000, 0x0000000100000000)
  eden space 257024K, 100% used [0x00000000e0000000,0x00000000efb00000,0x00000000efb00000)
  from space 33280K, 99% used [0x00000000f2000000,0x00000000f407a410,0x00000000f4080000)
  to   space 37888K, 0% used [0x00000000efb00000,0x00000000efb00000,0x00000000f2000000)
 ParOldGen       total 244224K, used 56118K [0x00000000a0000000, 0x00000000aee80000, 0x00000000e0000000)
  object space 244224K, 22% used [0x00000000a0000000,0x00000000a36cdab0,0x00000000aee80000)
 Metaspace       used 75766K, capacity 78956K, committed 79192K, reserved 1118208K
  class space    used 9923K, capacity 10579K, committed 10624K, reserved 1048576K
Event: 63.883 GC heap after
Heap after GC invocations=14 (full 3):
 PSYoungGen      total 294912K, used 37868K [0x00000000e0000000, 0x00000000f8f80000, 0x0000000100000000)
  eden space 257024K, 0% used [0x00000000e0000000,0x00000000e0000000,0x00000000efb00000)
  from space 37888K, 99% used [0x00000000efb00000,0x00000000f1ffb0f0,0x00000000f2000000)
  to   space 49152K, 0% used [0x00000000f5f80000,0x00000000f5f80000,0x00000000f8f80000)
 ParOldGen       total 244224K, used 71862K [0x00000000a0000000, 0x00000000aee80000, 0x00000000e0000000)
  object space 244224K, 29% used [0x00000000a0000000,0x00000000a462d920,0x00000000aee80000)
 Metaspace       used 75766K, capacity 78956K, committed 79192K, reserved 1118208K
  class space    used 9923K, capacity 10579K, committed 10624K, reserved 1048576K
}
Event: 240.747 GC heap before
{Heap before GC invocations=15 (full 3):
 PSYoungGen      total 294912K, used 294892K [0x00000000e0000000, 0x00000000f8f80000, 0x0000000100000000)
  eden space 257024K, 100% used [0x00000000e0000000,0x00000000efb00000,0x00000000efb00000)
  from space 37888K, 99% used [0x00000000efb00000,0x00000000f1ffb0f0,0x00000000f2000000)
  to   space 49152K, 0% used [0x00000000f5f80000,0x00000000f5f80000,0x00000000f8f80000)
 ParOldGen       total 244224K, used 71862K [0x00000000a0000000, 0x00000000aee80000, 0x00000000e0000000)
  object space 244224K, 29% used [0x00000000a0000000,0x00000000a462d920,0x00000000aee80000)
 Metaspace       used 76029K, capacity 79208K, committed 79448K, reserved 1118208K
  class space    used 9929K, capacity 10589K, committed 10624K, reserved 1048576K
Event: 240.777 GC heap after
Heap after GC invocations=15 (full 3):
 PSYoungGen      total 338432K, used 12623K [0x00000000e0000000, 0x00000000f8400000, 0x0000000100000000)
  eden space 301056K, 0% used [0x00000000e0000000,0x00000000e0000000,0x00000000f2600000)
  from space 37376K, 33% used [0x00000000f5f80000,0x00000000f6bd3c70,0x00000000f8400000)
  to   space 48128K, 0% used [0x00000000f2600000,0x00000000f2600000,0x00000000f5500000)
 ParOldGen       total 244224K, used 97020K [0x00000000a0000000, 0x00000000aee80000, 0x00000000e0000000)
  object space 244224K, 39% used [0x00000000a0000000,0x00000000a5ebf360,0x00000000aee80000)
 Metaspace       used 76029K, capacity 79208K, committed 79448K, reserved 1118208K
  class space    used 9929K, capacity 10589K, committed 10624K, reserved 1048576K
}
Event: 243.289 GC heap before
{Heap before GC invocations=16 (full 3):
 PSYoungGen      total 338432K, used 301257K [0x00000000e0000000, 0x00000000f8400000, 0x0000000100000000)
  eden space 301056K, 95% used [0x00000000e0000000,0x00000000f19deab8,0x00000000f2600000)
  from space 37376K, 33% used [0x00000000f5f80000,0x00000000f6bd3c70,0x00000000f8400000)
  to   space 48128K, 0% used [0x00000000f2600000,0x00000000f2600000,0x00000000f5500000)
 ParOldGen       total 244224K, used 97020K [0x00000000a0000000, 0x00000000aee80000, 0x00000000e0000000)
  object space 244224K, 39% used [0x00000000a0000000,0x00000000a5ebf360,0x00000000aee80000)
 Metaspace       used 76512K, capacity 79850K, committed 79960K, reserved 1118208K
  class space    used 9946K, capacity 10620K, committed 10624K, reserved 1048576K
Event: 243.307 GC heap after
Heap after GC invocations=16 (full 3):
 PSYoungGen      total 349184K, used 41121K [0x00000000e0000000, 0x00000000fc180000, 0x0000000100000000)
  eden space 301056K, 0% used [0x00000000e0000000,0x00000000e0000000,0x00000000f2600000)
  from space 48128K, 85% used [0x00000000f2600000,0x00000000f4e28470,0x00000000f5500000)
  to   space 53248K, 0% used [0x00000000f8d80000,0x00000000f8d80000,0x00000000fc180000)
 ParOldGen       total 244224K, used 97028K [0x00000000a0000000, 0x00000000aee80000, 0x00000000e0000000)
  object space 244224K, 39% used [0x00000000a0000000,0x00000000a5ec1360,0x00000000aee80000)
 Metaspace       used 76512K, capacity 79850K, committed 79960K, reserved 1118208K
  class space    used 9946K, capacity 10620K, committed 10624K, reserved 1048576K
}
Event: 327.452 GC heap before
{Heap before GC invocations=17 (full 3):
 PSYoungGen      total 349184K, used 342177K [0x00000000e0000000, 0x00000000fc180000, 0x0000000100000000)
  eden space 301056K, 100% used [0x00000000e0000000,0x00000000f2600000,0x00000000f2600000)
  from space 48128K, 85% used [0x00000000f2600000,0x00000000f4e28470,0x00000000f5500000)
  to   space 53248K, 0% used [0x00000000f8d80000,0x00000000f8d80000,0x00000000fc180000)
 ParOldGen       total 244224K, used 97028K [0x00000000a0000000, 0x00000000aee80000, 0x00000000e0000000)
  object space 244224K, 39% used [0x00000000a0000000,0x00000000a5ec1360,0x00000000aee80000)
 Metaspace       used 77155K, capacity 80574K, committed 80856K, reserved 1120256K
  class space    used 9965K, capacity 10652K, committed 10752K, reserved 1048576K
Event: 327.465 GC heap after
Heap after GC invocations=17 (full 3):
 PSYoungGen      total 307200K, used 14429K [0x00000000e0000000, 0x00000000f9c00000, 0x0000000100000000)
  eden space 292352K, 0% used [0x00000000e0000000,0x00000000e0000000,0x00000000f1d80000)
  from space 14848K, 97% used [0x00000000f8d80000,0x00000000f9b97580,0x00000000f9c00000)
  to   space 51200K, 0% used [0x00000000f3800000,0x00000000f3800000,0x00000000f6a00000)
 ParOldGen       total 244224K, used 97036K [0x00000000a0000000, 0x00000000aee80000, 0x00000000e0000000)
  object space 244224K, 39% used [0x00000000a0000000,0x00000000a5ec3360,0x00000000aee80000)
 Metaspace       used 77155K, capacity 80574K, committed 80856K, reserved 1120256K
  class space    used 9965K, capacity 10652K, committed 10752K, reserved 1048576K
}

